<?xml version="1.0" encoding="UTF-8"?>
<testng-results skipped="0" failed="1" ignored="0" total="3" passed="2">
  <reporter-output>
  </reporter-output>
  <suite name="Default Suite" duration-ms="86934" started-at="2018-07-10T05:42:54Z" finished-at="2018-07-10T05:44:21Z">
    <groups>
    </groups>
    <test name="PearUpChrome,54,Windows,10PU_CreatingInterests" duration-ms="32937" started-at="2018-07-10T05:42:54Z" finished-at="2018-07-10T05:43:27Z">
      <class name="com.ggktech.PearUp.PU_CreatingInterests">
        <test-method status="PASS" signature="testSetUp(java.lang.String, java.lang.String, java.lang.String, java.lang.String, java.lang.String, java.lang.String, java.lang.String)[pri:0, instance:com.ggktech.PearUp.PU_CreatingInterests@344f75af]" name="testSetUp" is-config="true" duration-ms="13692" started-at="2018-07-10T11:12:54Z" finished-at="2018-07-10T11:13:08Z">
          <params>
            <param index="0">
              <value>
                <![CDATA[Chrome]]>
              </value>
            </param>
            <param index="1">
              <value>
                <![CDATA[54]]>
              </value>
            </param>
            <param index="2">
              <value>
                <![CDATA[Windows]]>
              </value>
            </param>
            <param index="3">
              <value>
                <![CDATA[10]]>
              </value>
            </param>
            <param index="4">
              <value>
                <![CDATA[PearUp]]>
              </value>
            </param>
            <param index="5">
              <value>
                <![CDATA[PU]]>
              </value>
            </param>
            <param index="6">
              <value>
                <![CDATA[LOCAL]]>
              </value>
            </param>
          </params>
          <reporter-output>
          </reporter-output>
        </test-method> <!-- testSetUp -->
        <test-method status="PASS" signature="testScript()[pri:0, instance:com.ggktech.PearUp.PU_CreatingInterests@344f75af]" name="testScript" duration-ms="17533" started-at="2018-07-10T11:13:08Z" finished-at="2018-07-10T11:13:26Z">
          <reporter-output>
          </reporter-output>
        </test-method> <!-- testScript -->
        <test-method status="PASS" signature="testTearDown()[pri:0, instance:com.ggktech.PearUp.PU_CreatingInterests@344f75af]" name="testTearDown" is-config="true" duration-ms="1684" started-at="2018-07-10T11:13:26Z" finished-at="2018-07-10T11:13:27Z">
          <reporter-output>
          </reporter-output>
        </test-method> <!-- testTearDown -->
      </class> <!-- com.ggktech.PearUp.PU_CreatingInterests -->
    </test> <!-- PearUpChrome,54,Windows,10PU_CreatingInterests -->
    <test name="PearUpChrome,54,Windows,10PU_MenuListItems" duration-ms="33964" started-at="2018-07-10T05:43:27Z" finished-at="2018-07-10T05:44:01Z">
      <class name="com.ggktech.PearUp.PU_MenuListItems">
        <test-method status="PASS" signature="testSetUp(java.lang.String, java.lang.String, java.lang.String, java.lang.String, java.lang.String, java.lang.String, java.lang.String)[pri:0, instance:com.ggktech.PearUp.PU_MenuListItems@3e000cc2]" name="testSetUp" is-config="true" duration-ms="11692" started-at="2018-07-10T11:13:27Z" finished-at="2018-07-10T11:13:39Z">
          <params>
            <param index="0">
              <value>
                <![CDATA[Chrome]]>
              </value>
            </param>
            <param index="1">
              <value>
                <![CDATA[54]]>
              </value>
            </param>
            <param index="2">
              <value>
                <![CDATA[Windows]]>
              </value>
            </param>
            <param index="3">
              <value>
                <![CDATA[10]]>
              </value>
            </param>
            <param index="4">
              <value>
                <![CDATA[PearUp]]>
              </value>
            </param>
            <param index="5">
              <value>
                <![CDATA[PU]]>
              </value>
            </param>
            <param index="6">
              <value>
                <![CDATA[LOCAL]]>
              </value>
            </param>
          </params>
          <reporter-output>
          </reporter-output>
        </test-method> <!-- testSetUp -->
        <test-method status="PASS" signature="testScript()[pri:0, instance:com.ggktech.PearUp.PU_MenuListItems@3e000cc2]" name="testScript" duration-ms="21035" started-at="2018-07-10T11:13:39Z" finished-at="2018-07-10T11:14:00Z">
          <reporter-output>
          </reporter-output>
        </test-method> <!-- testScript -->
        <test-method status="PASS" signature="testTearDown()[pri:0, instance:com.ggktech.PearUp.PU_MenuListItems@3e000cc2]" name="testTearDown" is-config="true" duration-ms="1237" started-at="2018-07-10T11:14:00Z" finished-at="2018-07-10T11:14:01Z">
          <reporter-output>
          </reporter-output>
        </test-method> <!-- testTearDown -->
      </class> <!-- com.ggktech.PearUp.PU_MenuListItems -->
    </test> <!-- PearUpChrome,54,Windows,10PU_MenuListItems -->
    <test name="PearUpChrome,54,Windows,10PU_FailingInterest" duration-ms="19995" started-at="2018-07-10T05:44:01Z" finished-at="2018-07-10T05:44:21Z">
      <class name="com.ggktech.PearUp.PU_FailingInterest">
        <test-method status="PASS" signature="testSetUp(java.lang.String, java.lang.String, java.lang.String, java.lang.String, java.lang.String, java.lang.String, java.lang.String)[pri:0, instance:com.ggktech.PearUp.PU_FailingInterest@6d0ca626]" name="testSetUp" is-config="true" duration-ms="11178" started-at="2018-07-10T11:14:01Z" finished-at="2018-07-10T11:14:13Z">
          <params>
            <param index="0">
              <value>
                <![CDATA[Chrome]]>
              </value>
            </param>
            <param index="1">
              <value>
                <![CDATA[54]]>
              </value>
            </param>
            <param index="2">
              <value>
                <![CDATA[Windows]]>
              </value>
            </param>
            <param index="3">
              <value>
                <![CDATA[10]]>
              </value>
            </param>
            <param index="4">
              <value>
                <![CDATA[PearUp]]>
              </value>
            </param>
            <param index="5">
              <value>
                <![CDATA[PU]]>
              </value>
            </param>
            <param index="6">
              <value>
                <![CDATA[LOCAL]]>
              </value>
            </param>
          </params>
          <reporter-output>
          </reporter-output>
        </test-method> <!-- testSetUp -->
        <test-method status="FAIL" signature="testScript()[pri:0, instance:com.ggktech.PearUp.PU_FailingInterest@6d0ca626]" name="testScript" duration-ms="7714" started-at="2018-07-10T11:14:13Z" finished-at="2018-07-10T11:14:20Z">
          <exception class="java.lang.AssertionError">
            <message>
              <![CDATA[null]]>
            </message>
            <full-stacktrace>
              <![CDATA[java.lang.AssertionError: null
	at org.testng.Assert.fail(Assert.java:93)
	at org.testng.Assert.fail(Assert.java:100)
	at com.ggktech.utils.Reporter.failedreport(Reporter.java:177)
	at com.ggktech.utils.Reporter.report(Reporter.java:113)
	at com.ggktech.service.PublicLibrary.verifyAssertEquals(PublicLibrary.java:674)
	at com.ggktech.service.PublicLibrary.verifyText(PublicLibrary.java:649)
	at com.ggktech.applib.ApplicationLibrary.verifyInterest(ApplicationLibrary.java:812)
	at com.ggktech.applib.ApplicationLibrary.failInterest(ApplicationLibrary.java:888)
	at com.ggktech.PearUp.PU_FailingInterest.testScript(PU_FailingInterest.java:12)
	at sun.reflect.NativeMethodAccessorImpl.invoke0(Native Method)
	at sun.reflect.NativeMethodAccessorImpl.invoke(NativeMethodAccessorImpl.java:62)
	at sun.reflect.DelegatingMethodAccessorImpl.invoke(DelegatingMethodAccessorImpl.java:43)
	at java.lang.reflect.Method.invoke(Method.java:497)
	at org.testng.internal.MethodInvocationHelper.invokeMethod(MethodInvocationHelper.java:108)
	at org.testng.internal.Invoker.invokeMethod(Invoker.java:661)
	at org.testng.internal.Invoker.invokeTestMethod(Invoker.java:869)
	at org.testng.internal.Invoker.invokeTestMethods(Invoker.java:1193)
	at org.testng.internal.TestMethodWorker.invokeTestMethods(TestMethodWorker.java:126)
	at org.testng.internal.TestMethodWorker.run(TestMethodWorker.java:109)
	at org.testng.TestRunner.privateRun(TestRunner.java:744)
	at org.testng.TestRunner.run(TestRunner.java:602)
	at org.testng.SuiteRunner.runTest(SuiteRunner.java:380)
	at org.testng.SuiteRunner.runSequentially(SuiteRunner.java:375)
	at org.testng.SuiteRunner.privateRun(SuiteRunner.java:340)
	at org.testng.SuiteRunner.run(SuiteRunner.java:289)
	at org.testng.SuiteRunnerWorker.runSuite(SuiteRunnerWorker.java:52)
	at org.testng.SuiteRunnerWorker.run(SuiteRunnerWorker.java:86)
	at org.testng.TestNG.runSuitesSequentially(TestNG.java:1301)
	at org.testng.TestNG.runSuitesLocally(TestNG.java:1226)
	at org.testng.TestNG.runSuites(TestNG.java:1144)
	at org.testng.TestNG.run(TestNG.java:1115)
	at com.ggktech.utils.TestNgXml.executeModuleTests(TestNgXml.java:544)
	at com.ggktech.utils.TestNgXml.access$100(TestNgXml.java:53)
	at com.ggktech.utils.TestNgXml$2.call(TestNgXml.java:431)
	at com.ggktech.utils.TestNgXml$2.call(TestNgXml.java:427)
	at java.util.concurrent.FutureTask.run(FutureTask.java:266)
	at java.util.concurrent.ScheduledThreadPoolExecutor$ScheduledFutureTask.access$201(ScheduledThreadPoolExecutor.java:180)
	at java.util.concurrent.ScheduledThreadPoolExecutor$ScheduledFutureTask.run(ScheduledThreadPoolExecutor.java:293)
	at java.util.concurrent.ThreadPoolExecutor.runWorker(ThreadPoolExecutor.java:1142)
	at java.util.concurrent.ThreadPoolExecutor$Worker.run(ThreadPoolExecutor.java:617)
	at java.lang.Thread.run(Thread.java:745)
]]>
            </full-stacktrace>
          </exception> <!-- java.lang.AssertionError -->
          <reporter-output>
          </reporter-output>
        </test-method> <!-- testScript -->
        <test-method status="PASS" signature="testTearDown()[pri:0, instance:com.ggktech.PearUp.PU_FailingInterest@6d0ca626]" name="testTearDown" is-config="true" duration-ms="1101" started-at="2018-07-10T11:14:20Z" finished-at="2018-07-10T11:14:21Z">
          <reporter-output>
          </reporter-output>
        </test-method> <!-- testTearDown -->
      </class> <!-- com.ggktech.PearUp.PU_FailingInterest -->
    </test> <!-- PearUpChrome,54,Windows,10PU_FailingInterest -->
  </suite> <!-- Default Suite -->
</testng-results>
