<?xml version="1.0" encoding="UTF-8"?>
<!-- Generated by org.testng.reporters.JUnitXMLReporter -->
<testsuite hostname="GGKU2SYS79" name="module2Firefox,46,windows,10TS_UserDefinedFields" tests="1" failures="1" timestamp="25 May 2017 10:35:47 GMT" time="95.578" errors="0">
  <testcase name="SignIn" time="95.576" classname="com.ggktech.module1.TS_UserDefinedFields">
    <failure type="java.lang.AssertionError" message="null">
      <![CDATA[java.lang.AssertionError: null
	at com.ggktech.utils.Reporter.failedreport(Reporter.java:145)
	at com.ggktech.utils.Reporter.report(Reporter.java:86)
	at com.ggktech.utils.Reporter.reportinCatch(Reporter.java:160)
	at com.ggktech.service.PublicLibrary.fluentWait(PublicLibrary.java:1113)
	at com.ggktech.service.PublicLibrary.setValue(PublicLibrary.java:481)
	at com.ggktech.applib.ApplicationLibrary.loginCRM(ApplicationLibrary.java:119)
	at com.ggktech.module1.TS_UserDefinedFields.SignIn(TS_UserDefinedFields.java:30)
	at java.util.concurrent.FutureTask.run(FutureTask.java:266)
	at java.util.concurrent.ThreadPoolExecutor.runWorker(ThreadPoolExecutor.java:1142)
	at java.util.concurrent.ThreadPoolExecutor$Worker.run(ThreadPoolExecutor.java:617)
	at java.lang.Thread.run(Thread.java:745)
... Removed 18 stack frames]]>
    </failure>
  </testcase> <!-- SignIn -->
</testsuite> <!-- module2Firefox,46,windows,10TS_UserDefinedFields -->
