<?xml version="1.0" encoding="UTF-8"?>
<!-- Generated by org.testng.reporters.JUnitXMLReporter -->
<testsuite hostname="GGKU2SYS79" name="module1Chrome,54,windows,7TS_DatePickerTest" tests="1" failures="1" timestamp="25 May 2017 05:20:04 GMT" time="7.978" errors="0">
  <testcase name="SignIn" time="7.978" classname="com.ggktech.module1.TS_DatePickerTest">
    <failure type="java.lang.AssertionError" message="null">
      <![CDATA[java.lang.AssertionError: null
	at com.ggktech.utils.Reporter.failedreport(Reporter.java:145)
	at com.ggktech.utils.Reporter.report(Reporter.java:86)
	at com.ggktech.service.PublicLibrary.verifyElement(PublicLibrary.java:458)
	at com.ggktech.service.PublicLibrary.setValue(PublicLibrary.java:483)
	at com.ggktech.applib.ApplicationLibrary.loginCRM(ApplicationLibrary.java:115)
	at com.ggktech.module1.TS_DatePickerTest.SignIn(TS_DatePickerTest.java:26)
	at com.ggktech.utils.TestNgXml.executeModuleTests(TestNgXml.java:427)
	at com.ggktech.utils.TestNgXml.access$1(TestNgXml.java:393)
	at com.ggktech.utils.TestNgXml$2.call(TestNgXml.java:351)
	at com.ggktech.utils.TestNgXml$2.call(TestNgXml.java:1)
	at java.util.concurrent.FutureTask.run(FutureTask.java:266)
	at java.util.concurrent.ScheduledThreadPoolExecutor$ScheduledFutureTask.access$201(ScheduledThreadPoolExecutor.java:180)
	at java.util.concurrent.ScheduledThreadPoolExecutor$ScheduledFutureTask.run(ScheduledThreadPoolExecutor.java:293)
	at java.util.concurrent.ThreadPoolExecutor.runWorker(ThreadPoolExecutor.java:1142)
	at java.util.concurrent.ThreadPoolExecutor$Worker.run(ThreadPoolExecutor.java:617)
	at java.lang.Thread.run(Thread.java:745)
... Removed 23 stack frames]]>
    </failure>
  </testcase> <!-- SignIn -->
</testsuite> <!-- module1Chrome,54,windows,7TS_DatePickerTest -->
