<?xml version="1.0" encoding="UTF-8"?>
<!-- Generated by org.testng.reporters.JUnitXMLReporter -->
<testsuite hostname="GGKU2SYS79" name="module3Chrome,54,windows,7TS_AddNoteAdmin" tests="1" failures="1" timestamp="5 May 2017 04:06:13 GMT" time="119.557" errors="0">
  <testcase name="addNoteAndVerifyHistory" time="119.555" classname="com.ggktech.module1.TS_AddNoteAdmin">
    <failure type="java.lang.AssertionError" message="null">
      <![CDATA[java.lang.AssertionError: null
	at com.ggktech.utils.Reporter.reportAndStopExe(Reporter.java:178)
	at com.ggktech.utils.Reporter.failedreport(Reporter.java:116)
	at com.ggktech.utils.Reporter.report(Reporter.java:88)
	at com.ggktech.utils.Reporter.reportinCatch(Reporter.java:162)
	at com.ggktech.service.PublicLibrary.setValue(PublicLibrary.java:497)
	at com.ggktech.applib.ApplicationLibrary1.loginCRM(ApplicationLibrary1.java:64)
	at com.ggktech.module1.TS_AddNoteAdmin.addNoteAndVerifyHistory(TS_AddNoteAdmin.java:53)
	at java.util.concurrent.FutureTask.run(FutureTask.java:266)
	at java.util.concurrent.ThreadPoolExecutor.runWorker(ThreadPoolExecutor.java:1142)
	at java.util.concurrent.ThreadPoolExecutor$Worker.run(ThreadPoolExecutor.java:617)
	at java.lang.Thread.run(Thread.java:745)
... Removed 18 stack frames]]>
    </failure>
  </testcase> <!-- addNoteAndVerifyHistory -->
</testsuite> <!-- module3Chrome,54,windows,7TS_AddNoteAdmin -->
