<?xml version="1.0" encoding="UTF-8"?>
<!-- Generated by org.testng.reporters.JUnitXMLReporter -->
<testsuite hostname="GGKU2SYS27" ignored="0" name="module1ME,14,Windows,10MobileEmulation" tests="1" failures="0" timestamp="07 Jun 2018 13:05:11 GMT" time="0.044" errors="0">
  <testcase name="@BeforeTest testSetUp" time="0.029" classname="com.ggktech.utils.TestCaseTemplate">
    <failure type="java.lang.AssertionError" message="null">
      <![CDATA[java.lang.AssertionError: null
	at com.ggktech.service.PublicLibrary.createLocalDriver(PublicLibrary.java:415)
	at com.ggktech.service.PublicLibrary.invokeBrowser(PublicLibrary.java:311)
	at com.ggktech.utils.TestCaseTemplate.testSetUp(TestCaseTemplate.java:63)
	at com.ggktech.utils.TestNgXml.executeModuleTests(TestNgXml.java:544)
	at com.ggktech.utils.TestNgXml.access$100(TestNgXml.java:53)
	at com.ggktech.utils.TestNgXml$2.call(TestNgXml.java:431)
	at com.ggktech.utils.TestNgXml$2.call(TestNgXml.java:427)
	at java.util.concurrent.FutureTask.run(FutureTask.java:266)
	at java.util.concurrent.ScheduledThreadPoolExecutor$ScheduledFutureTask.access$201(ScheduledThreadPoolExecutor.java:180)
	at java.util.concurrent.ScheduledThreadPoolExecutor$ScheduledFutureTask.run(ScheduledThreadPoolExecutor.java:293)
	at java.util.concurrent.ThreadPoolExecutor.runWorker(ThreadPoolExecutor.java:1142)
	at java.util.concurrent.ThreadPoolExecutor$Worker.run(ThreadPoolExecutor.java:617)
	at java.lang.Thread.run(Thread.java:745)
... Removed 22 stack frames]]>
    </failure>
  </testcase> <!-- @BeforeTest testSetUp -->
  <testcase name="@AfterTest testTearDown" time="0.0" classname="com.ggktech.utils.TestCaseTemplate">
    <skipped/>
  </testcase> <!-- @AfterTest testTearDown -->
  <testcase name="testScript" time="0.001" classname="com.ggktech.utils.TestCaseTemplate">
    <skipped/>
  </testcase> <!-- testScript -->
</testsuite> <!-- module1ME,14,Windows,10MobileEmulation -->
