<?xml version="1.0" encoding="UTF-8"?>
<!-- Generated by org.testng.reporters.JUnitXMLReporter -->
<testsuite hostname="GGKU2SYS27" ignored="0" name="module1me-Nexus 5,54,Windows,10TS_CreatingLead" tests="1" failures="1" timestamp="15 Jun 2018 10:05:53 GMT" time="48.342" errors="0">
  <testcase name="testScript" time="29.912" classname="com.ggktech.utils.TestCaseTemplate">
    <failure type="java.lang.AssertionError" message="null">
      <![CDATA[java.lang.AssertionError: null
	at com.ggktech.utils.Reporter.failedreport(Reporter.java:177)
	at com.ggktech.utils.Reporter.report(Reporter.java:113)
	at com.ggktech.service.PublicLibrary.verifyElement(PublicLibrary.java:467)
	at com.ggktech.service.PublicLibrary.clickElement(PublicLibrary.java:594)
	at com.ggktech.applib.ApplicationLibrary.navigationToLead(ApplicationLibrary.java:243)
	at com.ggktech.module1.TS_CreatingLead.testScript(TS_CreatingLead.java:13)
	at com.ggktech.utils.TestNgXml.executeModuleTests(TestNgXml.java:544)
	at com.ggktech.utils.TestNgXml.access$100(TestNgXml.java:53)
	at com.ggktech.utils.TestNgXml$2.call(TestNgXml.java:431)
	at com.ggktech.utils.TestNgXml$2.call(TestNgXml.java:427)
	at java.util.concurrent.FutureTask.run(FutureTask.java:266)
	at java.util.concurrent.ScheduledThreadPoolExecutor$ScheduledFutureTask.access$201(ScheduledThreadPoolExecutor.java:180)
	at java.util.concurrent.ScheduledThreadPoolExecutor$ScheduledFutureTask.run(ScheduledThreadPoolExecutor.java:293)
	at java.util.concurrent.ThreadPoolExecutor.runWorker(ThreadPoolExecutor.java:1142)
	at java.util.concurrent.ThreadPoolExecutor$Worker.run(ThreadPoolExecutor.java:617)
	at java.lang.Thread.run(Thread.java:745)
... Removed 24 stack frames]]>
    </failure>
  </testcase> <!-- testScript -->
</testsuite> <!-- module1me-Nexus 5,54,Windows,10TS_CreatingLead -->
