<?xml version="1.0" encoding="UTF-8"?>
<!-- Generated by org.testng.reporters.JUnitXMLReporter -->
<testsuite hostname="GGKU2SYS27" ignored="0" name="PearUpChrome,54,Windows,10PU_FailingInterest" tests="1" failures="1" timestamp="10 Jul 2018 05:44:21 GMT" time="19.995" errors="0">
  <testcase name="testScript" time="7.714" classname="com.ggktech.utils.TestCaseTemplate">
    <failure type="java.lang.AssertionError" message="null">
      <![CDATA[java.lang.AssertionError: null
	at com.ggktech.utils.Reporter.failedreport(Reporter.java:177)
	at com.ggktech.utils.Reporter.report(Reporter.java:113)
	at com.ggktech.service.PublicLibrary.verifyAssertEquals(PublicLibrary.java:674)
	at com.ggktech.service.PublicLibrary.verifyText(PublicLibrary.java:649)
	at com.ggktech.applib.ApplicationLibrary.verifyInterest(ApplicationLibrary.java:812)
	at com.ggktech.applib.ApplicationLibrary.failInterest(ApplicationLibrary.java:888)
	at com.ggktech.PearUp.PU_FailingInterest.testScript(PU_FailingInterest.java:12)
	at com.ggktech.utils.TestNgXml.executeModuleTests(TestNgXml.java:544)
	at com.ggktech.utils.TestNgXml.access$100(TestNgXml.java:53)
	at com.ggktech.utils.TestNgXml$2.call(TestNgXml.java:431)
	at com.ggktech.utils.TestNgXml$2.call(TestNgXml.java:427)
	at java.util.concurrent.FutureTask.run(FutureTask.java:266)
	at java.util.concurrent.ScheduledThreadPoolExecutor$ScheduledFutureTask.access$201(ScheduledThreadPoolExecutor.java:180)
	at java.util.concurrent.ScheduledThreadPoolExecutor$ScheduledFutureTask.run(ScheduledThreadPoolExecutor.java:293)
	at java.util.concurrent.ThreadPoolExecutor.runWorker(ThreadPoolExecutor.java:1142)
	at java.util.concurrent.ThreadPoolExecutor$Worker.run(ThreadPoolExecutor.java:617)
	at java.lang.Thread.run(Thread.java:745)
... Removed 24 stack frames]]>
    </failure>
  </testcase> <!-- testScript -->
</testsuite> <!-- PearUpChrome,54,Windows,10PU_FailingInterest -->
